<?xml version="1.0" encoding="UTF-8"?>
<!-- Generated by org.testng.reporters.JUnitReportReporter -->
<testsuite hostname="DESKTOP-4N1L592" failures="0" tests="1" name="api.rest.RestAuto" time="1.714" errors="0" timestamp="03 Aug 2023 01:39:19 GMT" skipped="0">
  <testcase classname="api.rest.RestAuto" name="deleteReadTheDataFromServer" time="1.714"/>
</testsuite> <!-- api.rest.RestAuto -->
