<?xml version="1.0" encoding="UTF-8"?>
<!-- Generated by org.testng.reporters.JUnitReportReporter -->
<testsuite hostname="DESKTOP-4N1L592" failures="0" tests="1" name="smarttech.hou.myrunner.TestRunner" time="5.090" errors="1" timestamp="04 Jul 2023 06:31:25 GMT" skipped="0">
  <testcase classname="smarttech.hou.myrunner.TestRunner" name="runScenario" time="5.090">
    <error message="Cannot invoke &quot;smarttech.hou.elementspage.MasterPageFactoryhou.getLogin()&quot; because &quot;this.obj&quot; is null" type="java.lang.NullPointerException">
      <![CDATA[java.lang.NullPointerException: Cannot invoke "smarttech.hou.elementspage.MasterPageFactoryhou.getLogin()" because "this.obj" is null
at smarttech.hou.hooks.Hooks.setUp(Hooks.java:23)
]]>
    </error>
  </testcase> <!-- runScenario -->
</testsuite> <!-- smarttech.hou.myrunner.TestRunner -->
