<?xml version="1.0" encoding="UTF-8"?>
<!-- Generated by org.testng.reporters.JUnitReportReporter -->
<testsuite hostname="DESKTOP-4N1L592" failures="0" tests="1" name="smarttech.hou.myrunner.TestRunner" time="20.377" errors="0" timestamp="24 Jun 2023 19:44:29 GMT" skipped="0">
  <testcase classname="smarttech.hou.myrunner.TestRunner" name="runScenario" time="20.377"/>
</testsuite> <!-- smarttech.hou.myrunner.TestRunner -->
